  [1m[35m (1305.5ms)[0m  [1m[35mCREATE DATABASE "tunr_playlist_app_development" ENCODING = 'unicode'[0m
  [1m[35m (196.2ms)[0m  [1m[35mCREATE DATABASE "tunr_playlist_app_test" ENCODING = 'unicode'[0m
  [1m[35m (101.2ms)[0m  [1m[35mCREATE TABLE "schema_migrations" ("version" character varying NOT NULL PRIMARY KEY)[0m
  [1m[35m (53.5ms)[0m  [1m[35mCREATE TABLE "ar_internal_metadata" ("key" character varying NOT NULL PRIMARY KEY, "value" character varying, "created_at" timestamp(6) NOT NULL, "updated_at" timestamp(6) NOT NULL)[0m
  [1m[35m (4.4ms)[0m  [1m[34mSELECT "schema_migrations"."version" FROM "schema_migrations" ORDER BY "schema_migrations"."version" ASC[0m
  [1m[35m (1.4ms)[0m  [1m[34mSELECT pg_try_advisory_lock(6440558602947460320)[0m
  [1m[35m (2.3ms)[0m  [1m[34mSELECT "schema_migrations"."version" FROM "schema_migrations" ORDER BY "schema_migrations"."version" ASC[0m
Migrating to CreatePlaylists (20210226164723)
  [1m[36mTRANSACTION (10.4ms)[0m  [1m[35mBEGIN[0m
  [1m[35m (43.4ms)[0m  [1m[35mCREATE TABLE "playlists" ("id" bigserial primary key, "title" character varying, "artist" character varying, "length" integer, "created_at" timestamp(6) NOT NULL, "updated_at" timestamp(6) NOT NULL)[0m
  [1m[36mActiveRecord::SchemaMigration Create (2.8ms)[0m  [1m[32mINSERT INTO "schema_migrations" ("version") VALUES ($1) RETURNING "version"[0m  [["version", "20210226164723"]]
  [1m[36mTRANSACTION (2.5ms)[0m  [1m[35mCOMMIT[0m
  [1m[36mActiveRecord::InternalMetadata Load (27.2ms)[0m  [1m[34mSELECT "ar_internal_metadata".* FROM "ar_internal_metadata" WHERE "ar_internal_metadata"."key" = $1 LIMIT $2[0m  [["key", "environment"], ["LIMIT", 1]]
  [1m[36mTRANSACTION (0.2ms)[0m  [1m[35mBEGIN[0m
  [1m[36mActiveRecord::InternalMetadata Create (6.6ms)[0m  [1m[32mINSERT INTO "ar_internal_metadata" ("key", "value", "created_at", "updated_at") VALUES ($1, $2, $3, $4) RETURNING "key"[0m  [["key", "environment"], ["value", "development"], ["created_at", "2021-02-26 17:02:29.046679"], ["updated_at", "2021-02-26 17:02:29.046679"]]
  [1m[36mTRANSACTION (2.3ms)[0m  [1m[35mCOMMIT[0m
  [1m[35m (0.7ms)[0m  [1m[34mSELECT pg_advisory_unlock(6440558602947460320)[0m
  [1m[35m (1.5ms)[0m  [1m[34mSELECT "schema_migrations"."version" FROM "schema_migrations" ORDER BY "schema_migrations"."version" ASC[0m
  [1m[35m (1.1ms)[0m  [1m[34mSELECT "schema_migrations"."version" FROM "schema_migrations" ORDER BY "schema_migrations"."version" ASC[0m
  [1m[35m (3.2ms)[0m  [1m[34mSELECT "schema_migrations"."version" FROM "schema_migrations" ORDER BY "schema_migrations"."version" ASC[0m
  [1m[36mTRANSACTION (0.2ms)[0m  [1m[35mBEGIN[0m
  [1m[36mPlaylist Create (4.7ms)[0m  [1m[32mINSERT INTO "playlists" ("title", "artist", "length", "created_at", "updated_at") VALUES ($1, $2, $3, $4, $5) RETURNING "id"[0m  [["title", "protect ya neck"], ["artist", "Wu-Tang Clan"], ["length", 503], ["created_at", "2021-02-26 17:04:00.215124"], ["updated_at", "2021-02-26 17:04:00.215124"]]
  [1m[36mTRANSACTION (3.5ms)[0m  [1m[35mCOMMIT[0m
  [1m[36mTRANSACTION (0.2ms)[0m  [1m[35mBEGIN[0m
  [1m[36mPlaylist Create (2.8ms)[0m  [1m[32mINSERT INTO "playlists" ("title", "artist", "length", "created_at", "updated_at") VALUES ($1, $2, $3, $4, $5) RETURNING "id"[0m  [["title", "good news"], ["artist", "Mac Miller"], ["length", 603], ["created_at", "2021-02-26 17:04:00.241956"], ["updated_at", "2021-02-26 17:04:00.241956"]]
  [1m[36mTRANSACTION (2.7ms)[0m  [1m[35mCOMMIT[0m
  [1m[36mTRANSACTION (0.2ms)[0m  [1m[35mBEGIN[0m
  [1m[36mPlaylist Create (1.4ms)[0m  [1m[32mINSERT INTO "playlists" ("title", "artist", "length", "created_at", "updated_at") VALUES ($1, $2, $3, $4, $5) RETURNING "id"[0m  [["title", "under pressure"], ["artist", "Logic"], ["length", 900], ["created_at", "2021-02-26 17:04:00.262243"], ["updated_at", "2021-02-26 17:04:00.262243"]]
  [1m[36mTRANSACTION (3.6ms)[0m  [1m[35mCOMMIT[0m
  [1m[36mTRANSACTION (0.3ms)[0m  [1m[35mBEGIN[0m
  [1m[36mPlaylist Create (1.2ms)[0m  [1m[32mINSERT INTO "playlists" ("title", "artist", "length", "created_at", "updated_at") VALUES ($1, $2, $3, $4, $5) RETURNING "id"[0m  [["title", "humble"], ["artist", "Kendrick Lamar"], ["length", 257], ["created_at", "2021-02-26 17:04:00.274639"], ["updated_at", "2021-02-26 17:04:00.274639"]]
  [1m[36mTRANSACTION (3.4ms)[0m  [1m[35mCOMMIT[0m
  [1m[36mTRANSACTION (1.1ms)[0m  [1m[35mBEGIN[0m
  [1m[36mPlaylist Create (1.8ms)[0m  [1m[32mINSERT INTO "playlists" ("title", "artist", "length", "created_at", "updated_at") VALUES ($1, $2, $3, $4, $5) RETURNING "id"[0m  [["title", "roses(Imanbek Remix)"], ["artist", "SAINt JHN"], ["length", 300], ["created_at", "2021-02-26 17:04:00.298392"], ["updated_at", "2021-02-26 17:04:00.298392"]]
  [1m[36mTRANSACTION (2.2ms)[0m  [1m[35mCOMMIT[0m
  [1m[36mTRANSACTION (0.2ms)[0m  [1m[35mBEGIN[0m
  [1m[36mPlaylist Create (0.6ms)[0m  [1m[32mINSERT INTO "playlists" ("title", "artist", "length", "created_at", "updated_at") VALUES ($1, $2, $3, $4, $5) RETURNING "id"[0m  [["title", "meet again"], ["artist", "Maxo Kream"], ["length", 500], ["created_at", "2021-02-26 17:04:00.310454"], ["updated_at", "2021-02-26 17:04:00.310454"]]
  [1m[36mTRANSACTION (0.5ms)[0m  [1m[35mCOMMIT[0m
  [1m[36mPlaylist Load (0.7ms)[0m  [1m[34mSELECT "playlists".* FROM "playlists"[0m
Started GET "/playlists" for ::1 at 2021-02-26 09:16:50 -0800
  [1m[35m (1.3ms)[0m  [1m[34mSELECT "schema_migrations"."version" FROM "schema_migrations" ORDER BY "schema_migrations"."version" ASC[0m
Processing by PlaylistsController#index as HTML
  [1m[36mPlaylist Load (14.9ms)[0m  [1m[34mSELECT "playlists".* FROM "playlists"[0m
  ↳ app/controllers/playlists_controller.rb:8:in `index'
Completed 200 OK in 165ms (Views: 42.6ms | ActiveRecord: 51.8ms | Allocations: 7512)


Started GET "/favicon.ico" for ::1 at 2021-02-26 09:16:51 -0800
  
ActionController::RoutingError (No route matches [GET] "/favicon.ico"):
  
